[2025-08-07 02:32:29,726 - network_log - DEBUG]	At: landing_page
[2025-08-07 02:32:29,860 - network_log - INFO]	REQ: GET https://books.toscrape.com/
[2025-08-07 02:32:30,524 - network_log - INFO]	RES: 200 https://books.toscrape.com/
[2025-08-07 02:32:30,624 - network_log - INFO]	REQ: GET https://books.toscrape.com/static/oscar/css/styles.css
[2025-08-07 02:32:30,627 - network_log - INFO]	REQ: GET https://books.toscrape.com/static/oscar/js/bootstrap-datetimepicker/bootstrap-datetimepicker.css
[2025-08-07 02:32:30,630 - network_log - INFO]	REQ: GET https://books.toscrape.com/static/oscar/css/datetimepicker.css
[2025-08-07 02:32:30,634 - network_log - INFO]	REQ: GET https://books.toscrape.com/media/cache/2c/da/2cdad67c44b002e7ead0cc35693c0e8b.jpg
[2025-08-07 02:32:30,637 - network_log - INFO]	REQ: GET https://books.toscrape.com/media/cache/26/0c/260c6ae16bce31c8f8c95daddd9f4a1c.jpg
[2025-08-07 02:32:30,647 - network_log - INFO]	REQ: GET https://books.toscrape.com/media/cache/3e/ef/3eef99c9d9adef34639f510662022830.jpg
[2025-08-07 02:32:30,653 - network_log - INFO]	REQ: GET https://books.toscrape.com/media/cache/32/51/3251cf3a3412f53f339e42cac2134093.jpg
[2025-08-07 02:32:30,659 - network_log - INFO]	REQ: GET https://books.toscrape.com/media/cache/be/a5/bea5697f2534a2f86a3ef27b5a8c12a6.jpg
[2025-08-07 02:32:30,662 - network_log - INFO]	REQ: GET https://books.toscrape.com/media/cache/68/33/68339b4c9bc034267e1da611ab3b34f8.jpg
[2025-08-07 02:32:30,701 - network_log - INFO]	REQ: GET https://books.toscrape.com/media/cache/92/27/92274a95b7c251fea59a2b8a78275ab4.jpg
[2025-08-07 02:32:30,704 - network_log - INFO]	REQ: GET https://books.toscrape.com/media/cache/3d/54/3d54940e57e662c4dd1f3ff00c78cc64.jpg
[2025-08-07 02:32:30,712 - network_log - INFO]	REQ: GET https://books.toscrape.com/media/cache/66/88/66883b91f6804b2323c8369331cb7dd1.jpg
[2025-08-07 02:32:30,723 - network_log - INFO]	REQ: GET https://books.toscrape.com/media/cache/58/46/5846057e28022268153beff6d352b06c.jpg
[2025-08-07 02:32:30,726 - network_log - INFO]	REQ: GET https://books.toscrape.com/media/cache/be/f4/bef44da28c98f905a3ebec0b87be8530.jpg
[2025-08-07 02:32:30,734 - network_log - INFO]	REQ: GET https://books.toscrape.com/media/cache/10/48/1048f63d3b5061cd2f424d20b3f9b666.jpg
[2025-08-07 02:32:30,739 - network_log - INFO]	REQ: GET https://books.toscrape.com/media/cache/5b/88/5b88c52633f53cacf162c15f4f823153.jpg
[2025-08-07 02:32:30,744 - network_log - INFO]	REQ: GET https://books.toscrape.com/media/cache/94/b1/94b1b8b244bce9677c2f29ccc890d4d2.jpg
[2025-08-07 02:32:30,752 - network_log - INFO]	REQ: GET https://books.toscrape.com/media/cache/81/c4/81c4a973364e17d01f217e1188253d5e.jpg
[2025-08-07 02:32:30,757 - network_log - INFO]	REQ: GET https://books.toscrape.com/media/cache/54/60/54607fe8945897cdcced0044103b10b6.jpg
[2025-08-07 02:32:30,767 - network_log - INFO]	REQ: GET https://books.toscrape.com/media/cache/55/33/553310a7162dfbc2c6d19a84da0df9e1.jpg
[2025-08-07 02:32:30,779 - network_log - INFO]	REQ: GET https://books.toscrape.com/media/cache/09/a3/09a3aef48557576e1a85ba7efea8ecb7.jpg
[2025-08-07 02:32:30,791 - network_log - INFO]	REQ: GET https://books.toscrape.com/media/cache/0b/bc/0bbcd0a6f4bcd81ccb1049a52736406e.jpg
[2025-08-07 02:32:30,795 - network_log - INFO]	REQ: GET https://books.toscrape.com/media/cache/27/a5/27a53d0bb95bdd88288eaf66c9230d7e.jpg
[2025-08-07 02:32:30,797 - network_log - INFO]	REQ: GET https://books.toscrape.com/static/oscar/js/bootstrap3/bootstrap.min.js
[2025-08-07 02:32:30,801 - network_log - INFO]	REQ: GET https://books.toscrape.com/static/oscar/js/oscar/ui.js
[2025-08-07 02:32:30,807 - network_log - INFO]	REQ: GET https://books.toscrape.com/static/oscar/js/bootstrap-datetimepicker/bootstrap-datetimepicker.js
[2025-08-07 02:32:30,810 - network_log - INFO]	REQ: GET https://books.toscrape.com/static/oscar/js/bootstrap-datetimepicker/locales/bootstrap-datetimepicker.all.js
[2025-08-07 02:32:30,831 - network_log - INFO]	RES: 200 https://books.toscrape.com/static/oscar/css/styles.css
[2025-08-07 02:32:31,001 - network_log - INFO]	RES: 200 https://books.toscrape.com/media/cache/2c/da/2cdad67c44b002e7ead0cc35693c0e8b.jpg
[2025-08-07 02:32:31,008 - network_log - INFO]	RES: 200 https://books.toscrape.com/static/oscar/css/datetimepicker.css
[2025-08-07 02:32:31,014 - network_log - INFO]	RES: 200 https://books.toscrape.com/static/oscar/js/bootstrap-datetimepicker/bootstrap-datetimepicker.css
[2025-08-07 02:32:31,021 - network_log - INFO]	RES: 200 https://books.toscrape.com/media/cache/26/0c/260c6ae16bce31c8f8c95daddd9f4a1c.jpg
[2025-08-07 02:32:31,025 - network_log - INFO]	RES: 200 https://books.toscrape.com/media/cache/3e/ef/3eef99c9d9adef34639f510662022830.jpg
[2025-08-07 02:32:31,026 - network_log - INFO]	RES: 200 https://books.toscrape.com/media/cache/32/51/3251cf3a3412f53f339e42cac2134093.jpg
[2025-08-07 02:32:31,027 - network_log - INFO]	RES: 200 https://books.toscrape.com/media/cache/be/a5/bea5697f2534a2f86a3ef27b5a8c12a6.jpg
[2025-08-07 02:32:31,262 - network_log - INFO]	REQ: GET https://books.toscrape.com/static/oscar/fonts/fontawesome-webfont.woff%3Fv=3.2.1
[2025-08-07 02:32:31,282 - network_log - INFO]	REQ: GET https://books.toscrape.com/static/oscar/js/jquery/jquery-1.9.1.min.js
[2025-08-07 02:32:31,305 - network_log - INFO]	RES: 200 https://books.toscrape.com/media/cache/68/33/68339b4c9bc034267e1da611ab3b34f8.jpg
[2025-08-07 02:32:31,317 - network_log - INFO]	RES: 200 https://books.toscrape.com/media/cache/92/27/92274a95b7c251fea59a2b8a78275ab4.jpg
[2025-08-07 02:32:31,336 - network_log - INFO]	RES: 200 https://books.toscrape.com/media/cache/3d/54/3d54940e57e662c4dd1f3ff00c78cc64.jpg
[2025-08-07 02:32:31,373 - network_log - INFO]	RES: 200 https://books.toscrape.com/media/cache/66/88/66883b91f6804b2323c8369331cb7dd1.jpg
[2025-08-07 02:32:31,388 - network_log - INFO]	RES: 200 https://books.toscrape.com/media/cache/be/f4/bef44da28c98f905a3ebec0b87be8530.jpg
[2025-08-07 02:32:31,401 - network_log - INFO]	RES: 200 https://books.toscrape.com/media/cache/58/46/5846057e28022268153beff6d352b06c.jpg
[2025-08-07 02:32:31,412 - network_log - INFO]	RES: 200 https://books.toscrape.com/media/cache/5b/88/5b88c52633f53cacf162c15f4f823153.jpg
[2025-08-07 02:32:31,415 - network_log - INFO]	RES: 200 https://books.toscrape.com/media/cache/10/48/1048f63d3b5061cd2f424d20b3f9b666.jpg
[2025-08-07 02:32:31,469 - network_log - INFO]	RES: 200 https://books.toscrape.com/media/cache/94/b1/94b1b8b244bce9677c2f29ccc890d4d2.jpg
[2025-08-07 02:32:31,484 - network_log - INFO]	RES: 200 https://books.toscrape.com/static/oscar/js/oscar/ui.js
[2025-08-07 02:32:31,503 - network_log - INFO]	RES: 200 https://books.toscrape.com/static/oscar/js/bootstrap-datetimepicker/bootstrap-datetimepicker.js
[2025-08-07 02:32:31,516 - network_log - INFO]	RES: 200 https://books.toscrape.com/static/oscar/js/bootstrap3/bootstrap.min.js
[2025-08-07 02:32:31,530 - network_log - INFO]	RES: 200 https://books.toscrape.com/static/oscar/js/bootstrap-datetimepicker/locales/bootstrap-datetimepicker.all.js
[2025-08-07 02:32:31,546 - network_log - INFO]	RES: 200 https://books.toscrape.com/media/cache/81/c4/81c4a973364e17d01f217e1188253d5e.jpg
[2025-08-07 02:32:31,567 - network_log - INFO]	RES: 200 https://books.toscrape.com/media/cache/54/60/54607fe8945897cdcced0044103b10b6.jpg
[2025-08-07 02:32:31,577 - network_log - INFO]	RES: 200 https://books.toscrape.com/media/cache/55/33/553310a7162dfbc2c6d19a84da0df9e1.jpg
[2025-08-07 02:32:31,589 - network_log - INFO]	RES: 200 https://books.toscrape.com/media/cache/0b/bc/0bbcd0a6f4bcd81ccb1049a52736406e.jpg
[2025-08-07 02:32:31,595 - network_log - INFO]	RES: 200 https://books.toscrape.com/media/cache/27/a5/27a53d0bb95bdd88288eaf66c9230d7e.jpg
[2025-08-07 02:32:31,602 - network_log - INFO]	RES: 200 https://books.toscrape.com/media/cache/09/a3/09a3aef48557576e1a85ba7efea8ecb7.jpg
[2025-08-07 02:32:31,859 - network_log - INFO]	RES: 200 https://books.toscrape.com/static/oscar/fonts/fontawesome-webfont.woff%3Fv=3.2.1
[2025-08-07 02:32:32,014 - network_log - INFO]	RES: 200 https://books.toscrape.com/static/oscar/js/jquery/jquery-1.9.1.min.js
[2025-08-07 02:32:32,325 - network_log - DEBUG]	At: travel_link
[2025-08-07 02:32:32,886 - network_log - INFO]	REQ: GET https://books.toscrape.com/catalogue/category/books/travel_2/index.html
[2025-08-07 02:32:33,071 - network_log - INFO]	RES: 200 https://books.toscrape.com/catalogue/category/books/travel_2/index.html
[2025-08-07 02:32:33,179 - network_log - INFO]	REQ: GET https://books.toscrape.com/media/cache/57/77/57770cac1628f4407636635f4b85e88c.jpg
[2025-08-07 02:32:33,184 - network_log - INFO]	REQ: GET https://books.toscrape.com/media/cache/9a/7e/9a7e63f12829df4b43b31d110bf3dc2e.jpg
[2025-08-07 02:32:33,186 - network_log - INFO]	REQ: GET https://books.toscrape.com/media/cache/d5/bf/d5bf0090470b0b8ea46d9c166f7895aa.jpg
[2025-08-07 02:32:33,191 - network_log - INFO]	REQ: GET https://books.toscrape.com/media/cache/98/c2/98c2e95c5fd1a4e7cd5f2b63c52826cb.jpg
[2025-08-07 02:32:33,193 - network_log - INFO]	REQ: GET https://books.toscrape.com/media/cache/4e/15/4e15150388702ebca2c5a523ac270539.jpg
[2025-08-07 02:32:33,204 - network_log - INFO]	REQ: GET https://books.toscrape.com/media/cache/76/de/76de41867f323d7f1f4fbe2fdfc1b2ba.jpg
[2025-08-07 02:32:33,210 - network_log - INFO]	REQ: GET https://books.toscrape.com/media/cache/db/46/db46159b05faa5d95262112bf9c29ddd.jpg
[2025-08-07 02:32:33,213 - network_log - INFO]	REQ: GET https://books.toscrape.com/media/cache/e0/4f/e04f8eda2a2fa947aec17640202d9ab0.jpg
[2025-08-07 02:32:33,221 - network_log - INFO]	REQ: GET https://books.toscrape.com/media/cache/06/81/0681530a7bc301caf5c3257e1b0f0750.jpg
[2025-08-07 02:32:33,227 - network_log - INFO]	REQ: GET https://books.toscrape.com/media/cache/d7/0f/d70f7edd92705c45a82118c3ff6c299d.jpg
[2025-08-07 02:32:33,231 - network_log - INFO]	REQ: GET https://books.toscrape.com/static/oscar/js/bootstrap3/bootstrap.min.js
[2025-08-07 02:32:33,237 - network_log - INFO]	REQ: GET https://books.toscrape.com/static/oscar/js/oscar/ui.js
[2025-08-07 02:32:33,245 - network_log - INFO]	REQ: GET https://books.toscrape.com/static/oscar/js/bootstrap-datetimepicker/bootstrap-datetimepicker.js
[2025-08-07 02:32:33,251 - network_log - INFO]	REQ: GET https://books.toscrape.com/static/oscar/js/bootstrap-datetimepicker/locales/bootstrap-datetimepicker.all.js
[2025-08-07 02:32:33,254 - network_log - INFO]	REQ: GET https://books.toscrape.com/static/oscar/js/jquery/jquery-1.9.1.min.js
[2025-08-07 02:32:33,294 - network_log - INFO]	RES: 200 https://books.toscrape.com/static/oscar/js/bootstrap3/bootstrap.min.js
[2025-08-07 02:32:33,309 - network_log - INFO]	RES: 200 https://books.toscrape.com/static/oscar/js/oscar/ui.js
[2025-08-07 02:32:33,317 - network_log - INFO]	RES: 200 https://books.toscrape.com/static/oscar/js/bootstrap-datetimepicker/bootstrap-datetimepicker.js
[2025-08-07 02:32:33,326 - network_log - INFO]	RES: 200 https://books.toscrape.com/static/oscar/js/bootstrap-datetimepicker/locales/bootstrap-datetimepicker.all.js
[2025-08-07 02:32:33,331 - network_log - INFO]	RES: 200 https://books.toscrape.com/static/oscar/js/jquery/jquery-1.9.1.min.js
[2025-08-07 02:32:33,432 - network_log - DEBUG]	At: book01
[2025-08-07 02:32:33,697 - network_log - INFO]	REQ: GET https://books.toscrape.com/catalogue/its-only-the-himalayas_981/index.html
[2025-08-07 02:32:34,106 - network_log - INFO]	RES: 200 https://books.toscrape.com/catalogue/its-only-the-himalayas_981/index.html
[2025-08-07 02:32:34,185 - network_log - INFO]	REQ: GET https://books.toscrape.com/media/cache/6d/41/6d418a73cc7d4ecfd75ca11d854041db.jpg
[2025-08-07 02:32:34,191 - network_log - INFO]	REQ: GET https://books.toscrape.com/static/oscar/js/bootstrap3/bootstrap.min.js
[2025-08-07 02:32:34,200 - network_log - INFO]	REQ: GET https://books.toscrape.com/static/oscar/js/oscar/ui.js
[2025-08-07 02:32:34,208 - network_log - INFO]	REQ: GET https://books.toscrape.com/static/oscar/js/bootstrap-datetimepicker/bootstrap-datetimepicker.js
[2025-08-07 02:32:34,212 - network_log - INFO]	REQ: GET https://books.toscrape.com/static/oscar/js/bootstrap-datetimepicker/locales/bootstrap-datetimepicker.all.js
[2025-08-07 02:32:34,215 - network_log - INFO]	REQ: GET https://books.toscrape.com/static/oscar/js/jquery/jquery-1.9.1.min.js
[2025-08-07 02:32:34,219 - network_log - INFO]	RES: 200 https://books.toscrape.com/static/oscar/js/bootstrap3/bootstrap.min.js
[2025-08-07 02:32:34,225 - network_log - INFO]	RES: 200 https://books.toscrape.com/static/oscar/js/oscar/ui.js
[2025-08-07 02:32:34,232 - network_log - INFO]	RES: 200 https://books.toscrape.com/static/oscar/js/bootstrap-datetimepicker/bootstrap-datetimepicker.js
[2025-08-07 02:32:34,236 - network_log - INFO]	RES: 200 https://books.toscrape.com/static/oscar/js/bootstrap-datetimepicker/locales/bootstrap-datetimepicker.all.js
[2025-08-07 02:32:34,238 - network_log - INFO]	RES: 200 https://books.toscrape.com/static/oscar/js/jquery/jquery-1.9.1.min.js
[2025-08-07 02:32:34,389 - network_log - INFO]	RES: 200 https://books.toscrape.com/media/cache/6d/41/6d418a73cc7d4ecfd75ca11d854041db.jpg
[2025-08-07 02:32:34,666 - network_log - DEBUG]	At: travel_link
[2025-08-07 02:32:34,690 - network_log - INFO]	REQ: GET https://books.toscrape.com/catalogue/category/books/travel_2/index.html
[2025-08-07 02:32:34,703 - network_log - INFO]	RES: 200 https://books.toscrape.com/catalogue/category/books/travel_2/index.html
[2025-08-07 02:32:34,804 - network_log - INFO]	REQ: GET https://books.toscrape.com/media/cache/57/77/57770cac1628f4407636635f4b85e88c.jpg
[2025-08-07 02:32:34,809 - network_log - INFO]	REQ: GET https://books.toscrape.com/media/cache/9a/7e/9a7e63f12829df4b43b31d110bf3dc2e.jpg
[2025-08-07 02:32:34,818 - network_log - INFO]	REQ: GET https://books.toscrape.com/media/cache/d5/bf/d5bf0090470b0b8ea46d9c166f7895aa.jpg
[2025-08-07 02:32:34,825 - network_log - INFO]	REQ: GET https://books.toscrape.com/media/cache/98/c2/98c2e95c5fd1a4e7cd5f2b63c52826cb.jpg
[2025-08-07 02:32:34,831 - network_log - INFO]	REQ: GET https://books.toscrape.com/media/cache/4e/15/4e15150388702ebca2c5a523ac270539.jpg
[2025-08-07 02:32:34,833 - network_log - INFO]	REQ: GET https://books.toscrape.com/media/cache/76/de/76de41867f323d7f1f4fbe2fdfc1b2ba.jpg
[2025-08-07 02:32:34,842 - network_log - INFO]	REQ: GET https://books.toscrape.com/media/cache/db/46/db46159b05faa5d95262112bf9c29ddd.jpg
[2025-08-07 02:32:34,846 - network_log - INFO]	REQ: GET https://books.toscrape.com/media/cache/e0/4f/e04f8eda2a2fa947aec17640202d9ab0.jpg
[2025-08-07 02:32:34,852 - network_log - INFO]	REQ: GET https://books.toscrape.com/media/cache/06/81/0681530a7bc301caf5c3257e1b0f0750.jpg
[2025-08-07 02:32:34,862 - network_log - INFO]	REQ: GET https://books.toscrape.com/media/cache/d7/0f/d70f7edd92705c45a82118c3ff6c299d.jpg
[2025-08-07 02:32:34,877 - network_log - INFO]	REQ: GET https://books.toscrape.com/static/oscar/js/bootstrap3/bootstrap.min.js
[2025-08-07 02:32:34,881 - network_log - INFO]	REQ: GET https://books.toscrape.com/static/oscar/js/oscar/ui.js
[2025-08-07 02:32:34,889 - network_log - INFO]	REQ: GET https://books.toscrape.com/static/oscar/js/bootstrap-datetimepicker/bootstrap-datetimepicker.js
[2025-08-07 02:32:34,899 - network_log - INFO]	REQ: GET https://books.toscrape.com/static/oscar/js/bootstrap-datetimepicker/locales/bootstrap-datetimepicker.all.js
[2025-08-07 02:32:34,901 - network_log - INFO]	REQ: GET https://books.toscrape.com/static/oscar/js/jquery/jquery-1.9.1.min.js
[2025-08-07 02:32:34,964 - network_log - INFO]	RES: 200 https://books.toscrape.com/static/oscar/js/bootstrap3/bootstrap.min.js
[2025-08-07 02:32:34,971 - network_log - INFO]	RES: 200 https://books.toscrape.com/static/oscar/js/oscar/ui.js
[2025-08-07 02:32:34,977 - network_log - INFO]	RES: 200 https://books.toscrape.com/static/oscar/js/bootstrap-datetimepicker/bootstrap-datetimepicker.js
[2025-08-07 02:32:34,985 - network_log - INFO]	RES: 200 https://books.toscrape.com/static/oscar/js/bootstrap-datetimepicker/locales/bootstrap-datetimepicker.all.js
[2025-08-07 02:32:34,995 - network_log - INFO]	RES: 200 https://books.toscrape.com/static/oscar/js/jquery/jquery-1.9.1.min.js
[2025-08-07 02:32:35,017 - network_log - INFO]	RES: 200 https://books.toscrape.com/media/cache/57/77/57770cac1628f4407636635f4b85e88c.jpg
[2025-08-07 02:32:35,029 - network_log - INFO]	RES: 200 https://books.toscrape.com/media/cache/9a/7e/9a7e63f12829df4b43b31d110bf3dc2e.jpg
[2025-08-07 02:32:35,046 - network_log - INFO]	RES: 200 https://books.toscrape.com/media/cache/4e/15/4e15150388702ebca2c5a523ac270539.jpg
[2025-08-07 02:32:35,053 - network_log - INFO]	RES: 200 https://books.toscrape.com/media/cache/98/c2/98c2e95c5fd1a4e7cd5f2b63c52826cb.jpg
[2025-08-07 02:32:35,059 - network_log - INFO]	RES: 200 https://books.toscrape.com/media/cache/d5/bf/d5bf0090470b0b8ea46d9c166f7895aa.jpg
[2025-08-07 02:32:35,169 - network_log - INFO]	RES: 200 https://books.toscrape.com/media/cache/76/de/76de41867f323d7f1f4fbe2fdfc1b2ba.jpg
[2025-08-07 02:32:35,179 - network_log - INFO]	RES: 200 https://books.toscrape.com/media/cache/db/46/db46159b05faa5d95262112bf9c29ddd.jpg
[2025-08-07 02:32:35,196 - network_log - INFO]	RES: 200 https://books.toscrape.com/media/cache/e0/4f/e04f8eda2a2fa947aec17640202d9ab0.jpg
[2025-08-07 02:32:35,210 - network_log - INFO]	RES: 200 https://books.toscrape.com/media/cache/06/81/0681530a7bc301caf5c3257e1b0f0750.jpg
[2025-08-07 02:32:35,218 - network_log - INFO]	RES: 200 https://books.toscrape.com/media/cache/d7/0f/d70f7edd92705c45a82118c3ff6c299d.jpg
[2025-08-07 02:32:35,250 - network_log - DEBUG]	At: book02
[2025-08-07 02:32:35,507 - network_log - INFO]	REQ: GET https://books.toscrape.com/catalogue/full-moon-over-noahs-ark-an-odyssey-to-mount-ararat-and-beyond_811/index.html
[2025-08-07 02:32:35,757 - network_log - INFO]	RES: 200 https://books.toscrape.com/catalogue/full-moon-over-noahs-ark-an-odyssey-to-mount-ararat-and-beyond_811/index.html
[2025-08-07 02:32:35,869 - network_log - INFO]	REQ: GET https://books.toscrape.com/media/cache/fe/8a/fe8af6ceec7718986380c0fde9b3b34f.jpg
[2025-08-07 02:32:35,874 - network_log - INFO]	REQ: GET https://books.toscrape.com/static/oscar/js/bootstrap3/bootstrap.min.js
[2025-08-07 02:32:35,879 - network_log - INFO]	REQ: GET https://books.toscrape.com/static/oscar/js/oscar/ui.js
[2025-08-07 02:32:35,883 - network_log - INFO]	REQ: GET https://books.toscrape.com/static/oscar/js/bootstrap-datetimepicker/bootstrap-datetimepicker.js
[2025-08-07 02:32:35,888 - network_log - INFO]	REQ: GET https://books.toscrape.com/static/oscar/js/bootstrap-datetimepicker/locales/bootstrap-datetimepicker.all.js
[2025-08-07 02:32:35,893 - network_log - INFO]	REQ: GET https://books.toscrape.com/static/oscar/js/jquery/jquery-1.9.1.min.js
[2025-08-07 02:32:35,907 - network_log - INFO]	RES: 200 https://books.toscrape.com/static/oscar/js/bootstrap3/bootstrap.min.js
[2025-08-07 02:32:35,916 - network_log - INFO]	RES: 200 https://books.toscrape.com/static/oscar/js/oscar/ui.js
[2025-08-07 02:32:35,934 - network_log - INFO]	RES: 200 https://books.toscrape.com/static/oscar/js/bootstrap-datetimepicker/bootstrap-datetimepicker.js
[2025-08-07 02:32:35,940 - network_log - INFO]	RES: 200 https://books.toscrape.com/static/oscar/js/bootstrap-datetimepicker/locales/bootstrap-datetimepicker.all.js
[2025-08-07 02:32:35,946 - network_log - INFO]	RES: 200 https://books.toscrape.com/static/oscar/js/jquery/jquery-1.9.1.min.js
[2025-08-07 02:32:36,068 - network_log - INFO]	RES: 200 https://books.toscrape.com/media/cache/fe/8a/fe8af6ceec7718986380c0fde9b3b34f.jpg
[2025-08-07 02:32:36,285 - network_log - DEBUG]	At: travel_link
[2025-08-07 02:32:36,330 - network_log - INFO]	REQ: GET https://books.toscrape.com/catalogue/category/books/travel_2/index.html
[2025-08-07 02:32:36,332 - network_log - INFO]	RES: 200 https://books.toscrape.com/catalogue/category/books/travel_2/index.html
[2025-08-07 02:32:36,407 - network_log - INFO]	REQ: GET https://books.toscrape.com/static/oscar/js/bootstrap3/bootstrap.min.js
[2025-08-07 02:32:36,416 - network_log - INFO]	REQ: GET https://books.toscrape.com/static/oscar/js/oscar/ui.js
[2025-08-07 02:32:36,432 - network_log - INFO]	REQ: GET https://books.toscrape.com/static/oscar/js/bootstrap-datetimepicker/bootstrap-datetimepicker.js
[2025-08-07 02:32:36,444 - network_log - INFO]	REQ: GET https://books.toscrape.com/static/oscar/js/bootstrap-datetimepicker/locales/bootstrap-datetimepicker.all.js
[2025-08-07 02:32:36,456 - network_log - INFO]	REQ: GET https://books.toscrape.com/static/oscar/js/jquery/jquery-1.9.1.min.js
[2025-08-07 02:32:36,461 - network_log - INFO]	RES: 200 https://books.toscrape.com/static/oscar/js/bootstrap3/bootstrap.min.js
[2025-08-07 02:32:36,469 - network_log - INFO]	RES: 200 https://books.toscrape.com/static/oscar/js/oscar/ui.js
[2025-08-07 02:32:36,476 - network_log - INFO]	RES: 200 https://books.toscrape.com/static/oscar/js/bootstrap-datetimepicker/bootstrap-datetimepicker.js
[2025-08-07 02:32:36,488 - network_log - INFO]	RES: 200 https://books.toscrape.com/static/oscar/js/bootstrap-datetimepicker/locales/bootstrap-datetimepicker.all.js
[2025-08-07 02:32:36,495 - network_log - INFO]	RES: 200 https://books.toscrape.com/static/oscar/js/jquery/jquery-1.9.1.min.js
[2025-08-07 02:32:36,595 - network_log - DEBUG]	At: book03
[2025-08-07 02:32:36,862 - network_log - INFO]	REQ: GET https://books.toscrape.com/catalogue/see-america-a-celebration-of-our-national-parks-treasured-sites_732/index.html
[2025-08-07 02:32:37,028 - network_log - INFO]	RES: 200 https://books.toscrape.com/catalogue/see-america-a-celebration-of-our-national-parks-treasured-sites_732/index.html
[2025-08-07 02:32:37,119 - network_log - INFO]	REQ: GET https://books.toscrape.com/media/cache/c7/1a/c71a85dbf8c2dbc75cb271026618477c.jpg
[2025-08-07 02:32:37,124 - network_log - INFO]	REQ: GET https://books.toscrape.com/static/oscar/js/bootstrap3/bootstrap.min.js
[2025-08-07 02:32:37,130 - network_log - INFO]	REQ: GET https://books.toscrape.com/static/oscar/js/oscar/ui.js
[2025-08-07 02:32:37,139 - network_log - INFO]	REQ: GET https://books.toscrape.com/static/oscar/js/bootstrap-datetimepicker/bootstrap-datetimepicker.js
[2025-08-07 02:32:37,141 - network_log - INFO]	REQ: GET https://books.toscrape.com/static/oscar/js/bootstrap-datetimepicker/locales/bootstrap-datetimepicker.all.js
[2025-08-07 02:32:37,142 - network_log - INFO]	REQ: GET https://books.toscrape.com/static/oscar/js/jquery/jquery-1.9.1.min.js
[2025-08-07 02:32:37,155 - network_log - INFO]	RES: 200 https://books.toscrape.com/static/oscar/js/bootstrap3/bootstrap.min.js
[2025-08-07 02:32:37,170 - network_log - INFO]	RES: 200 https://books.toscrape.com/static/oscar/js/oscar/ui.js
[2025-08-07 02:32:37,178 - network_log - INFO]	RES: 200 https://books.toscrape.com/static/oscar/js/bootstrap-datetimepicker/bootstrap-datetimepicker.js
[2025-08-07 02:32:37,201 - network_log - INFO]	RES: 200 https://books.toscrape.com/static/oscar/js/bootstrap-datetimepicker/locales/bootstrap-datetimepicker.all.js
[2025-08-07 02:32:37,204 - network_log - INFO]	RES: 200 https://books.toscrape.com/static/oscar/js/jquery/jquery-1.9.1.min.js
[2025-08-07 02:32:37,366 - network_log - INFO]	RES: 200 https://books.toscrape.com/media/cache/c7/1a/c71a85dbf8c2dbc75cb271026618477c.jpg
[2025-08-07 02:32:37,520 - network_log - DEBUG]	At: travel_link
[2025-08-07 02:32:37,565 - network_log - INFO]	REQ: GET https://books.toscrape.com/catalogue/category/books/travel_2/index.html
[2025-08-07 02:32:37,567 - network_log - INFO]	RES: 200 https://books.toscrape.com/catalogue/category/books/travel_2/index.html
[2025-08-07 02:32:37,673 - network_log - INFO]	REQ: GET https://books.toscrape.com/static/oscar/js/bootstrap3/bootstrap.min.js
[2025-08-07 02:32:37,677 - network_log - INFO]	REQ: GET https://books.toscrape.com/static/oscar/js/oscar/ui.js
[2025-08-07 02:32:37,688 - network_log - INFO]	REQ: GET https://books.toscrape.com/static/oscar/js/bootstrap-datetimepicker/bootstrap-datetimepicker.js
[2025-08-07 02:32:37,713 - network_log - INFO]	REQ: GET https://books.toscrape.com/static/oscar/js/bootstrap-datetimepicker/locales/bootstrap-datetimepicker.all.js
[2025-08-07 02:32:37,716 - network_log - INFO]	REQ: GET https://books.toscrape.com/static/oscar/js/jquery/jquery-1.9.1.min.js
[2025-08-07 02:32:37,718 - network_log - INFO]	RES: 200 https://books.toscrape.com/static/oscar/js/bootstrap3/bootstrap.min.js
[2025-08-07 02:32:37,721 - network_log - INFO]	RES: 200 https://books.toscrape.com/static/oscar/js/oscar/ui.js
[2025-08-07 02:32:37,741 - network_log - INFO]	RES: 200 https://books.toscrape.com/static/oscar/js/bootstrap-datetimepicker/bootstrap-datetimepicker.js
[2025-08-07 02:32:37,746 - network_log - INFO]	RES: 200 https://books.toscrape.com/static/oscar/js/bootstrap-datetimepicker/locales/bootstrap-datetimepicker.all.js
[2025-08-07 02:32:37,753 - network_log - INFO]	RES: 200 https://books.toscrape.com/static/oscar/js/jquery/jquery-1.9.1.min.js
[2025-08-07 02:32:37,827 - network_log - DEBUG]	At: book04
[2025-08-07 02:32:38,124 - network_log - INFO]	REQ: GET https://books.toscrape.com/catalogue/vagabonding-an-uncommon-guide-to-the-art-of-long-term-world-travel_552/index.html
[2025-08-07 02:32:38,287 - network_log - INFO]	RES: 200 https://books.toscrape.com/catalogue/vagabonding-an-uncommon-guide-to-the-art-of-long-term-world-travel_552/index.html
[2025-08-07 02:32:38,485 - network_log - INFO]	REQ: GET https://books.toscrape.com/media/cache/ca/30/ca30b1afe1e76ce7ba1db8176d398e53.jpg
[2025-08-07 02:32:38,493 - network_log - INFO]	REQ: GET https://books.toscrape.com/static/oscar/js/bootstrap3/bootstrap.min.js
[2025-08-07 02:32:38,498 - network_log - INFO]	REQ: GET https://books.toscrape.com/static/oscar/js/oscar/ui.js
[2025-08-07 02:32:38,511 - network_log - INFO]	REQ: GET https://books.toscrape.com/static/oscar/js/bootstrap-datetimepicker/bootstrap-datetimepicker.js
[2025-08-07 02:32:38,523 - network_log - INFO]	REQ: GET https://books.toscrape.com/static/oscar/js/bootstrap-datetimepicker/locales/bootstrap-datetimepicker.all.js
[2025-08-07 02:32:38,528 - network_log - INFO]	REQ: GET https://books.toscrape.com/static/oscar/js/jquery/jquery-1.9.1.min.js
[2025-08-07 02:32:38,561 - network_log - INFO]	RES: 200 https://books.toscrape.com/static/oscar/js/bootstrap3/bootstrap.min.js
[2025-08-07 02:32:38,583 - network_log - INFO]	RES: 200 https://books.toscrape.com/static/oscar/js/oscar/ui.js
[2025-08-07 02:32:38,602 - network_log - INFO]	RES: 200 https://books.toscrape.com/static/oscar/js/bootstrap-datetimepicker/bootstrap-datetimepicker.js
[2025-08-07 02:32:38,610 - network_log - INFO]	RES: 200 https://books.toscrape.com/static/oscar/js/bootstrap-datetimepicker/locales/bootstrap-datetimepicker.all.js
[2025-08-07 02:32:38,614 - network_log - INFO]	RES: 200 https://books.toscrape.com/static/oscar/js/jquery/jquery-1.9.1.min.js
[2025-08-07 02:32:38,802 - network_log - INFO]	RES: 200 https://books.toscrape.com/media/cache/ca/30/ca30b1afe1e76ce7ba1db8176d398e53.jpg
[2025-08-07 02:32:38,939 - network_log - DEBUG]	At: travel_link
[2025-08-07 02:32:38,990 - network_log - INFO]	REQ: GET https://books.toscrape.com/catalogue/category/books/travel_2/index.html
[2025-08-07 02:32:39,004 - network_log - INFO]	RES: 200 https://books.toscrape.com/catalogue/category/books/travel_2/index.html
[2025-08-07 02:32:39,098 - network_log - INFO]	REQ: GET https://books.toscrape.com/static/oscar/js/bootstrap3/bootstrap.min.js
[2025-08-07 02:32:39,111 - network_log - INFO]	REQ: GET https://books.toscrape.com/static/oscar/js/oscar/ui.js
[2025-08-07 02:32:39,116 - network_log - INFO]	REQ: GET https://books.toscrape.com/static/oscar/js/bootstrap-datetimepicker/bootstrap-datetimepicker.js
[2025-08-07 02:32:39,122 - network_log - INFO]	REQ: GET https://books.toscrape.com/static/oscar/js/bootstrap-datetimepicker/locales/bootstrap-datetimepicker.all.js
[2025-08-07 02:32:39,133 - network_log - INFO]	REQ: GET https://books.toscrape.com/static/oscar/js/jquery/jquery-1.9.1.min.js
[2025-08-07 02:32:39,137 - network_log - INFO]	RES: 200 https://books.toscrape.com/static/oscar/js/bootstrap3/bootstrap.min.js
[2025-08-07 02:32:39,144 - network_log - INFO]	RES: 200 https://books.toscrape.com/static/oscar/js/oscar/ui.js
[2025-08-07 02:32:39,148 - network_log - INFO]	RES: 200 https://books.toscrape.com/static/oscar/js/bootstrap-datetimepicker/bootstrap-datetimepicker.js
[2025-08-07 02:32:39,150 - network_log - INFO]	RES: 200 https://books.toscrape.com/static/oscar/js/bootstrap-datetimepicker/locales/bootstrap-datetimepicker.all.js
[2025-08-07 02:32:39,152 - network_log - INFO]	RES: 200 https://books.toscrape.com/static/oscar/js/jquery/jquery-1.9.1.min.js
[2025-08-07 02:32:39,252 - network_log - DEBUG]	At: book05
[2025-08-07 02:32:39,522 - network_log - INFO]	REQ: GET https://books.toscrape.com/catalogue/under-the-tuscan-sun_504/index.html
[2025-08-07 02:32:39,837 - network_log - INFO]	RES: 200 https://books.toscrape.com/catalogue/under-the-tuscan-sun_504/index.html
[2025-08-07 02:32:39,921 - network_log - INFO]	REQ: GET https://books.toscrape.com/media/cache/45/21/4521c581ba727f5c835e34860cbf53e5.jpg
[2025-08-07 02:32:39,928 - network_log - INFO]	REQ: GET https://books.toscrape.com/static/oscar/js/bootstrap3/bootstrap.min.js
[2025-08-07 02:32:39,939 - network_log - INFO]	REQ: GET https://books.toscrape.com/static/oscar/js/oscar/ui.js
[2025-08-07 02:32:39,941 - network_log - INFO]	REQ: GET https://books.toscrape.com/static/oscar/js/bootstrap-datetimepicker/bootstrap-datetimepicker.js
[2025-08-07 02:32:39,947 - network_log - INFO]	REQ: GET https://books.toscrape.com/static/oscar/js/bootstrap-datetimepicker/locales/bootstrap-datetimepicker.all.js
[2025-08-07 02:32:39,956 - network_log - INFO]	REQ: GET https://books.toscrape.com/static/oscar/js/jquery/jquery-1.9.1.min.js
[2025-08-07 02:32:39,981 - network_log - INFO]	RES: 200 https://books.toscrape.com/static/oscar/js/bootstrap3/bootstrap.min.js
[2025-08-07 02:32:40,003 - network_log - INFO]	RES: 200 https://books.toscrape.com/static/oscar/js/oscar/ui.js
[2025-08-07 02:32:40,008 - network_log - INFO]	RES: 200 https://books.toscrape.com/static/oscar/js/bootstrap-datetimepicker/bootstrap-datetimepicker.js
[2025-08-07 02:32:40,010 - network_log - INFO]	RES: 200 https://books.toscrape.com/static/oscar/js/bootstrap-datetimepicker/locales/bootstrap-datetimepicker.all.js
[2025-08-07 02:32:40,013 - network_log - INFO]	RES: 200 https://books.toscrape.com/static/oscar/js/jquery/jquery-1.9.1.min.js
[2025-08-07 02:32:40,149 - network_log - INFO]	RES: 200 https://books.toscrape.com/media/cache/45/21/4521c581ba727f5c835e34860cbf53e5.jpg
[2025-08-07 02:32:40,340 - network_log - DEBUG]	At: travel_link
[2025-08-07 02:32:40,437 - network_log - INFO]	REQ: GET https://books.toscrape.com/catalogue/category/books/travel_2/index.html
[2025-08-07 02:32:40,439 - network_log - INFO]	RES: 200 https://books.toscrape.com/catalogue/category/books/travel_2/index.html
[2025-08-07 02:32:40,504 - network_log - INFO]	REQ: GET https://books.toscrape.com/static/oscar/js/bootstrap3/bootstrap.min.js
[2025-08-07 02:32:40,510 - network_log - INFO]	REQ: GET https://books.toscrape.com/static/oscar/js/oscar/ui.js
[2025-08-07 02:32:40,518 - network_log - INFO]	REQ: GET https://books.toscrape.com/static/oscar/js/bootstrap-datetimepicker/bootstrap-datetimepicker.js
[2025-08-07 02:32:40,528 - network_log - INFO]	REQ: GET https://books.toscrape.com/static/oscar/js/bootstrap-datetimepicker/locales/bootstrap-datetimepicker.all.js
[2025-08-07 02:32:40,533 - network_log - INFO]	REQ: GET https://books.toscrape.com/static/oscar/js/jquery/jquery-1.9.1.min.js
[2025-08-07 02:32:40,545 - network_log - INFO]	RES: 200 https://books.toscrape.com/static/oscar/js/bootstrap3/bootstrap.min.js
[2025-08-07 02:32:40,553 - network_log - INFO]	RES: 200 https://books.toscrape.com/static/oscar/js/oscar/ui.js
[2025-08-07 02:32:40,559 - network_log - INFO]	RES: 200 https://books.toscrape.com/static/oscar/js/bootstrap-datetimepicker/bootstrap-datetimepicker.js
[2025-08-07 02:32:40,561 - network_log - INFO]	RES: 200 https://books.toscrape.com/static/oscar/js/bootstrap-datetimepicker/locales/bootstrap-datetimepicker.all.js
[2025-08-07 02:32:40,565 - network_log - INFO]	RES: 200 https://books.toscrape.com/static/oscar/js/jquery/jquery-1.9.1.min.js
[2025-08-07 02:32:40,665 - network_log - DEBUG]	At: book06
[2025-08-07 02:32:40,907 - network_log - INFO]	REQ: GET https://books.toscrape.com/catalogue/a-summer-in-europe_458/index.html
[2025-08-07 02:32:41,081 - network_log - INFO]	RES: 200 https://books.toscrape.com/catalogue/a-summer-in-europe_458/index.html
[2025-08-07 02:32:41,164 - network_log - INFO]	REQ: GET https://books.toscrape.com/media/cache/6c/e3/6ce3003931701c7a3fd5354917538ea9.jpg
[2025-08-07 02:32:41,170 - network_log - INFO]	REQ: GET https://books.toscrape.com/static/oscar/js/bootstrap3/bootstrap.min.js
[2025-08-07 02:32:41,176 - network_log - INFO]	REQ: GET https://books.toscrape.com/static/oscar/js/oscar/ui.js
[2025-08-07 02:32:41,181 - network_log - INFO]	REQ: GET https://books.toscrape.com/static/oscar/js/bootstrap-datetimepicker/bootstrap-datetimepicker.js
[2025-08-07 02:32:41,192 - network_log - INFO]	REQ: GET https://books.toscrape.com/static/oscar/js/bootstrap-datetimepicker/locales/bootstrap-datetimepicker.all.js
[2025-08-07 02:32:41,197 - network_log - INFO]	REQ: GET https://books.toscrape.com/static/oscar/js/jquery/jquery-1.9.1.min.js
[2025-08-07 02:32:41,203 - network_log - INFO]	RES: 200 https://books.toscrape.com/static/oscar/js/bootstrap3/bootstrap.min.js
[2025-08-07 02:32:41,226 - network_log - INFO]	RES: 200 https://books.toscrape.com/static/oscar/js/oscar/ui.js
[2025-08-07 02:32:41,238 - network_log - INFO]	RES: 200 https://books.toscrape.com/static/oscar/js/bootstrap-datetimepicker/bootstrap-datetimepicker.js
[2025-08-07 02:32:41,242 - network_log - INFO]	RES: 200 https://books.toscrape.com/static/oscar/js/bootstrap-datetimepicker/locales/bootstrap-datetimepicker.all.js
[2025-08-07 02:32:41,244 - network_log - INFO]	RES: 200 https://books.toscrape.com/static/oscar/js/jquery/jquery-1.9.1.min.js
[2025-08-07 02:32:41,370 - network_log - INFO]	RES: 200 https://books.toscrape.com/media/cache/6c/e3/6ce3003931701c7a3fd5354917538ea9.jpg
[2025-08-07 02:32:41,547 - network_log - DEBUG]	At: travel_link
[2025-08-07 02:32:41,597 - network_log - INFO]	REQ: GET https://books.toscrape.com/catalogue/category/books/travel_2/index.html
[2025-08-07 02:32:41,600 - network_log - INFO]	RES: 200 https://books.toscrape.com/catalogue/category/books/travel_2/index.html
[2025-08-07 02:32:41,675 - network_log - INFO]	REQ: GET https://books.toscrape.com/static/oscar/js/bootstrap3/bootstrap.min.js
[2025-08-07 02:32:41,685 - network_log - INFO]	REQ: GET https://books.toscrape.com/static/oscar/js/oscar/ui.js
[2025-08-07 02:32:41,695 - network_log - INFO]	REQ: GET https://books.toscrape.com/static/oscar/js/bootstrap-datetimepicker/bootstrap-datetimepicker.js
[2025-08-07 02:32:41,712 - network_log - INFO]	REQ: GET https://books.toscrape.com/static/oscar/js/bootstrap-datetimepicker/locales/bootstrap-datetimepicker.all.js
[2025-08-07 02:32:41,736 - network_log - INFO]	REQ: GET https://books.toscrape.com/static/oscar/js/jquery/jquery-1.9.1.min.js
[2025-08-07 02:32:41,742 - network_log - INFO]	RES: 200 https://books.toscrape.com/static/oscar/js/bootstrap3/bootstrap.min.js
[2025-08-07 02:32:41,749 - network_log - INFO]	RES: 200 https://books.toscrape.com/static/oscar/js/oscar/ui.js
[2025-08-07 02:32:41,755 - network_log - INFO]	RES: 200 https://books.toscrape.com/static/oscar/js/bootstrap-datetimepicker/bootstrap-datetimepicker.js
[2025-08-07 02:32:41,762 - network_log - INFO]	RES: 200 https://books.toscrape.com/static/oscar/js/bootstrap-datetimepicker/locales/bootstrap-datetimepicker.all.js
[2025-08-07 02:32:41,767 - network_log - INFO]	RES: 200 https://books.toscrape.com/static/oscar/js/jquery/jquery-1.9.1.min.js
[2025-08-07 02:32:41,852 - network_log - DEBUG]	At: book07
[2025-08-07 02:32:42,113 - network_log - INFO]	REQ: GET https://books.toscrape.com/catalogue/the-great-railway-bazaar_446/index.html
[2025-08-07 02:32:42,602 - network_log - INFO]	RES: 200 https://books.toscrape.com/catalogue/the-great-railway-bazaar_446/index.html
[2025-08-07 02:32:42,689 - network_log - INFO]	REQ: GET https://books.toscrape.com/media/cache/d5/82/d582f6b0261c2842330e893962276295.jpg
[2025-08-07 02:32:42,693 - network_log - INFO]	REQ: GET https://books.toscrape.com/static/oscar/js/bootstrap3/bootstrap.min.js
[2025-08-07 02:32:42,696 - network_log - INFO]	REQ: GET https://books.toscrape.com/static/oscar/js/oscar/ui.js
[2025-08-07 02:32:42,706 - network_log - INFO]	REQ: GET https://books.toscrape.com/static/oscar/js/bootstrap-datetimepicker/bootstrap-datetimepicker.js
[2025-08-07 02:32:42,716 - network_log - INFO]	REQ: GET https://books.toscrape.com/static/oscar/js/bootstrap-datetimepicker/locales/bootstrap-datetimepicker.all.js
[2025-08-07 02:32:42,722 - network_log - INFO]	REQ: GET https://books.toscrape.com/static/oscar/js/jquery/jquery-1.9.1.min.js
[2025-08-07 02:32:42,744 - network_log - INFO]	RES: 200 https://books.toscrape.com/static/oscar/js/bootstrap3/bootstrap.min.js
[2025-08-07 02:32:42,758 - network_log - INFO]	RES: 200 https://books.toscrape.com/static/oscar/js/oscar/ui.js
[2025-08-07 02:32:42,762 - network_log - INFO]	RES: 200 https://books.toscrape.com/static/oscar/js/bootstrap-datetimepicker/bootstrap-datetimepicker.js
[2025-08-07 02:32:42,771 - network_log - INFO]	RES: 200 https://books.toscrape.com/static/oscar/js/bootstrap-datetimepicker/locales/bootstrap-datetimepicker.all.js
[2025-08-07 02:32:42,793 - network_log - INFO]	RES: 200 https://books.toscrape.com/static/oscar/js/jquery/jquery-1.9.1.min.js
[2025-08-07 02:32:42,949 - network_log - INFO]	RES: 200 https://books.toscrape.com/media/cache/d5/82/d582f6b0261c2842330e893962276295.jpg
[2025-08-07 02:32:43,154 - network_log - DEBUG]	At: travel_link
[2025-08-07 02:32:43,205 - network_log - INFO]	REQ: GET https://books.toscrape.com/catalogue/category/books/travel_2/index.html
[2025-08-07 02:32:43,207 - network_log - INFO]	RES: 200 https://books.toscrape.com/catalogue/category/books/travel_2/index.html
[2025-08-07 02:32:43,284 - network_log - INFO]	REQ: GET https://books.toscrape.com/static/oscar/js/bootstrap3/bootstrap.min.js
[2025-08-07 02:32:43,289 - network_log - INFO]	REQ: GET https://books.toscrape.com/static/oscar/js/oscar/ui.js
[2025-08-07 02:32:43,291 - network_log - INFO]	REQ: GET https://books.toscrape.com/static/oscar/js/bootstrap-datetimepicker/bootstrap-datetimepicker.js
[2025-08-07 02:32:43,294 - network_log - INFO]	REQ: GET https://books.toscrape.com/static/oscar/js/bootstrap-datetimepicker/locales/bootstrap-datetimepicker.all.js
[2025-08-07 02:32:43,300 - network_log - INFO]	REQ: GET https://books.toscrape.com/static/oscar/js/jquery/jquery-1.9.1.min.js
[2025-08-07 02:32:43,307 - network_log - INFO]	RES: 200 https://books.toscrape.com/static/oscar/js/bootstrap3/bootstrap.min.js
[2025-08-07 02:32:43,320 - network_log - INFO]	RES: 200 https://books.toscrape.com/static/oscar/js/oscar/ui.js
[2025-08-07 02:32:43,337 - network_log - INFO]	RES: 200 https://books.toscrape.com/static/oscar/js/bootstrap-datetimepicker/bootstrap-datetimepicker.js
[2025-08-07 02:32:43,352 - network_log - INFO]	RES: 200 https://books.toscrape.com/static/oscar/js/bootstrap-datetimepicker/locales/bootstrap-datetimepicker.all.js
[2025-08-07 02:32:43,356 - network_log - INFO]	RES: 200 https://books.toscrape.com/static/oscar/js/jquery/jquery-1.9.1.min.js
[2025-08-07 02:32:43,450 - network_log - DEBUG]	At: book08
[2025-08-07 02:32:43,740 - network_log - INFO]	REQ: GET https://books.toscrape.com/catalogue/a-year-in-provence-provence-1_421/index.html
[2025-08-07 02:32:43,941 - network_log - INFO]	RES: 200 https://books.toscrape.com/catalogue/a-year-in-provence-provence-1_421/index.html
[2025-08-07 02:32:44,009 - network_log - INFO]	REQ: GET https://books.toscrape.com/media/cache/8b/81/8b81cd9b2c8f89a12099a80bed1c4911.jpg
[2025-08-07 02:32:44,017 - network_log - INFO]	REQ: GET https://books.toscrape.com/static/oscar/js/bootstrap3/bootstrap.min.js
[2025-08-07 02:32:44,021 - network_log - INFO]	REQ: GET https://books.toscrape.com/static/oscar/js/oscar/ui.js
[2025-08-07 02:32:44,025 - network_log - INFO]	REQ: GET https://books.toscrape.com/static/oscar/js/bootstrap-datetimepicker/bootstrap-datetimepicker.js
[2025-08-07 02:32:44,029 - network_log - INFO]	REQ: GET https://books.toscrape.com/static/oscar/js/bootstrap-datetimepicker/locales/bootstrap-datetimepicker.all.js
[2025-08-07 02:32:44,034 - network_log - INFO]	REQ: GET https://books.toscrape.com/static/oscar/js/jquery/jquery-1.9.1.min.js
[2025-08-07 02:32:44,042 - network_log - INFO]	RES: 200 https://books.toscrape.com/static/oscar/js/bootstrap3/bootstrap.min.js
[2025-08-07 02:32:44,051 - network_log - INFO]	RES: 200 https://books.toscrape.com/static/oscar/js/oscar/ui.js
[2025-08-07 02:32:44,060 - network_log - INFO]	RES: 200 https://books.toscrape.com/static/oscar/js/bootstrap-datetimepicker/bootstrap-datetimepicker.js
[2025-08-07 02:32:44,070 - network_log - INFO]	RES: 200 https://books.toscrape.com/static/oscar/js/bootstrap-datetimepicker/locales/bootstrap-datetimepicker.all.js
[2025-08-07 02:32:44,077 - network_log - INFO]	RES: 200 https://books.toscrape.com/static/oscar/js/jquery/jquery-1.9.1.min.js
[2025-08-07 02:32:44,245 - network_log - INFO]	RES: 200 https://books.toscrape.com/media/cache/8b/81/8b81cd9b2c8f89a12099a80bed1c4911.jpg
[2025-08-07 02:32:44,431 - network_log - DEBUG]	At: travel_link
[2025-08-07 02:32:44,473 - network_log - INFO]	REQ: GET https://books.toscrape.com/catalogue/category/books/travel_2/index.html
[2025-08-07 02:32:44,480 - network_log - INFO]	RES: 200 https://books.toscrape.com/catalogue/category/books/travel_2/index.html
[2025-08-07 02:32:44,567 - network_log - INFO]	REQ: GET https://books.toscrape.com/static/oscar/js/bootstrap3/bootstrap.min.js
[2025-08-07 02:32:44,576 - network_log - INFO]	REQ: GET https://books.toscrape.com/static/oscar/js/oscar/ui.js
[2025-08-07 02:32:44,587 - network_log - INFO]	REQ: GET https://books.toscrape.com/static/oscar/js/bootstrap-datetimepicker/bootstrap-datetimepicker.js
[2025-08-07 02:32:44,592 - network_log - INFO]	REQ: GET https://books.toscrape.com/static/oscar/js/bootstrap-datetimepicker/locales/bootstrap-datetimepicker.all.js
[2025-08-07 02:32:44,596 - network_log - INFO]	REQ: GET https://books.toscrape.com/static/oscar/js/jquery/jquery-1.9.1.min.js
[2025-08-07 02:32:44,601 - network_log - INFO]	RES: 200 https://books.toscrape.com/static/oscar/js/bootstrap3/bootstrap.min.js
[2025-08-07 02:32:44,604 - network_log - INFO]	RES: 200 https://books.toscrape.com/static/oscar/js/oscar/ui.js
[2025-08-07 02:32:44,607 - network_log - INFO]	RES: 200 https://books.toscrape.com/static/oscar/js/bootstrap-datetimepicker/bootstrap-datetimepicker.js
[2025-08-07 02:32:44,612 - network_log - INFO]	RES: 200 https://books.toscrape.com/static/oscar/js/bootstrap-datetimepicker/locales/bootstrap-datetimepicker.all.js
[2025-08-07 02:32:44,619 - network_log - INFO]	RES: 200 https://books.toscrape.com/static/oscar/js/jquery/jquery-1.9.1.min.js
[2025-08-07 02:32:44,722 - network_log - DEBUG]	At: book09
[2025-08-07 02:32:45,002 - network_log - INFO]	REQ: GET https://books.toscrape.com/catalogue/the-road-to-little-dribbling-adventures-of-an-american-in-britain-notes-from-a-small-island-2_277/index.html
[2025-08-07 02:32:45,224 - network_log - INFO]	RES: 200 https://books.toscrape.com/catalogue/the-road-to-little-dribbling-adventures-of-an-american-in-britain-notes-from-a-small-island-2_277/index.html
[2025-08-07 02:32:45,324 - network_log - INFO]	REQ: GET https://books.toscrape.com/media/cache/26/f5/26f5d20239a45046e756c6d09611b3ea.jpg
[2025-08-07 02:32:45,330 - network_log - INFO]	REQ: GET https://books.toscrape.com/static/oscar/js/bootstrap3/bootstrap.min.js
[2025-08-07 02:32:45,332 - network_log - INFO]	REQ: GET https://books.toscrape.com/static/oscar/js/oscar/ui.js
[2025-08-07 02:32:45,334 - network_log - INFO]	REQ: GET https://books.toscrape.com/static/oscar/js/bootstrap-datetimepicker/bootstrap-datetimepicker.js
[2025-08-07 02:32:45,336 - network_log - INFO]	REQ: GET https://books.toscrape.com/static/oscar/js/bootstrap-datetimepicker/locales/bootstrap-datetimepicker.all.js
[2025-08-07 02:32:45,339 - network_log - INFO]	REQ: GET https://books.toscrape.com/static/oscar/js/jquery/jquery-1.9.1.min.js
[2025-08-07 02:32:45,346 - network_log - INFO]	RES: 200 https://books.toscrape.com/static/oscar/js/bootstrap3/bootstrap.min.js
[2025-08-07 02:32:45,350 - network_log - INFO]	RES: 200 https://books.toscrape.com/static/oscar/js/oscar/ui.js
[2025-08-07 02:32:45,361 - network_log - INFO]	RES: 200 https://books.toscrape.com/static/oscar/js/bootstrap-datetimepicker/bootstrap-datetimepicker.js
[2025-08-07 02:32:45,384 - network_log - INFO]	RES: 200 https://books.toscrape.com/static/oscar/js/bootstrap-datetimepicker/locales/bootstrap-datetimepicker.all.js
[2025-08-07 02:32:45,400 - network_log - INFO]	RES: 200 https://books.toscrape.com/static/oscar/js/jquery/jquery-1.9.1.min.js
[2025-08-07 02:32:45,520 - network_log - INFO]	RES: 200 https://books.toscrape.com/media/cache/26/f5/26f5d20239a45046e756c6d09611b3ea.jpg
[2025-08-07 02:32:45,749 - network_log - DEBUG]	At: travel_link
[2025-08-07 02:32:45,773 - network_log - INFO]	REQ: GET https://books.toscrape.com/catalogue/category/books/travel_2/index.html
[2025-08-07 02:32:45,787 - network_log - INFO]	RES: 200 https://books.toscrape.com/catalogue/category/books/travel_2/index.html
[2025-08-07 02:32:45,874 - network_log - INFO]	REQ: GET https://books.toscrape.com/static/oscar/js/bootstrap3/bootstrap.min.js
[2025-08-07 02:32:45,887 - network_log - INFO]	REQ: GET https://books.toscrape.com/static/oscar/js/oscar/ui.js
[2025-08-07 02:32:45,906 - network_log - INFO]	REQ: GET https://books.toscrape.com/static/oscar/js/bootstrap-datetimepicker/bootstrap-datetimepicker.js
[2025-08-07 02:32:45,916 - network_log - INFO]	REQ: GET https://books.toscrape.com/static/oscar/js/bootstrap-datetimepicker/locales/bootstrap-datetimepicker.all.js
[2025-08-07 02:32:45,924 - network_log - INFO]	REQ: GET https://books.toscrape.com/static/oscar/js/jquery/jquery-1.9.1.min.js
[2025-08-07 02:32:45,928 - network_log - INFO]	RES: 200 https://books.toscrape.com/static/oscar/js/bootstrap3/bootstrap.min.js
[2025-08-07 02:32:45,931 - network_log - INFO]	RES: 200 https://books.toscrape.com/static/oscar/js/oscar/ui.js
[2025-08-07 02:32:45,934 - network_log - INFO]	RES: 200 https://books.toscrape.com/static/oscar/js/bootstrap-datetimepicker/bootstrap-datetimepicker.js
[2025-08-07 02:32:45,937 - network_log - INFO]	RES: 200 https://books.toscrape.com/static/oscar/js/bootstrap-datetimepicker/locales/bootstrap-datetimepicker.all.js
[2025-08-07 02:32:45,940 - network_log - INFO]	RES: 200 https://books.toscrape.com/static/oscar/js/jquery/jquery-1.9.1.min.js
[2025-08-07 02:32:46,037 - network_log - DEBUG]	At: book10
[2025-08-07 02:32:46,259 - network_log - INFO]	REQ: GET https://books.toscrape.com/catalogue/neither-here-nor-there-travels-in-europe_198/index.html
[2025-08-07 02:32:46,517 - network_log - INFO]	RES: 200 https://books.toscrape.com/catalogue/neither-here-nor-there-travels-in-europe_198/index.html
[2025-08-07 02:32:46,599 - network_log - INFO]	REQ: GET https://books.toscrape.com/media/cache/c9/9a/c99a7a05537cd842eb4db83d537e3a4d.jpg
[2025-08-07 02:32:46,616 - network_log - INFO]	REQ: GET https://books.toscrape.com/static/oscar/js/bootstrap3/bootstrap.min.js
[2025-08-07 02:32:46,626 - network_log - INFO]	REQ: GET https://books.toscrape.com/static/oscar/js/oscar/ui.js
[2025-08-07 02:32:46,635 - network_log - INFO]	REQ: GET https://books.toscrape.com/static/oscar/js/bootstrap-datetimepicker/bootstrap-datetimepicker.js
[2025-08-07 02:32:46,638 - network_log - INFO]	REQ: GET https://books.toscrape.com/static/oscar/js/bootstrap-datetimepicker/locales/bootstrap-datetimepicker.all.js
[2025-08-07 02:32:46,641 - network_log - INFO]	REQ: GET https://books.toscrape.com/static/oscar/js/jquery/jquery-1.9.1.min.js
[2025-08-07 02:32:46,676 - network_log - INFO]	RES: 200 https://books.toscrape.com/static/oscar/js/bootstrap3/bootstrap.min.js
[2025-08-07 02:32:46,694 - network_log - INFO]	RES: 200 https://books.toscrape.com/static/oscar/js/oscar/ui.js
[2025-08-07 02:32:46,701 - network_log - INFO]	RES: 200 https://books.toscrape.com/static/oscar/js/bootstrap-datetimepicker/bootstrap-datetimepicker.js
[2025-08-07 02:32:46,703 - network_log - INFO]	RES: 200 https://books.toscrape.com/static/oscar/js/bootstrap-datetimepicker/locales/bootstrap-datetimepicker.all.js
[2025-08-07 02:32:46,705 - network_log - INFO]	RES: 200 https://books.toscrape.com/static/oscar/js/jquery/jquery-1.9.1.min.js
[2025-08-07 02:32:46,799 - network_log - INFO]	RES: 200 https://books.toscrape.com/media/cache/c9/9a/c99a7a05537cd842eb4db83d537e3a4d.jpg
[2025-08-07 02:32:47,055 - network_log - DEBUG]	At: travel_link
[2025-08-07 02:32:47,095 - network_log - INFO]	REQ: GET https://books.toscrape.com/catalogue/category/books/travel_2/index.html
[2025-08-07 02:32:47,099 - network_log - INFO]	RES: 200 https://books.toscrape.com/catalogue/category/books/travel_2/index.html
[2025-08-07 02:32:47,220 - network_log - INFO]	REQ: GET https://books.toscrape.com/static/oscar/js/bootstrap3/bootstrap.min.js
[2025-08-07 02:32:47,225 - network_log - INFO]	REQ: GET https://books.toscrape.com/static/oscar/js/oscar/ui.js
[2025-08-07 02:32:47,236 - network_log - INFO]	REQ: GET https://books.toscrape.com/static/oscar/js/bootstrap-datetimepicker/bootstrap-datetimepicker.js
[2025-08-07 02:32:47,246 - network_log - INFO]	REQ: GET https://books.toscrape.com/static/oscar/js/bootstrap-datetimepicker/locales/bootstrap-datetimepicker.all.js
[2025-08-07 02:32:47,253 - network_log - INFO]	REQ: GET https://books.toscrape.com/static/oscar/js/jquery/jquery-1.9.1.min.js
[2025-08-07 02:32:47,267 - network_log - INFO]	RES: 200 https://books.toscrape.com/static/oscar/js/bootstrap3/bootstrap.min.js
[2025-08-07 02:32:47,277 - network_log - INFO]	RES: 200 https://books.toscrape.com/static/oscar/js/oscar/ui.js
[2025-08-07 02:32:47,283 - network_log - INFO]	RES: 200 https://books.toscrape.com/static/oscar/js/bootstrap-datetimepicker/bootstrap-datetimepicker.js
[2025-08-07 02:32:47,288 - network_log - INFO]	RES: 200 https://books.toscrape.com/static/oscar/js/bootstrap-datetimepicker/locales/bootstrap-datetimepicker.all.js
[2025-08-07 02:32:47,292 - network_log - INFO]	RES: 200 https://books.toscrape.com/static/oscar/js/jquery/jquery-1.9.1.min.js
[2025-08-07 02:32:47,400 - network_log - DEBUG]	At: book11
[2025-08-07 02:32:47,718 - network_log - INFO]	REQ: GET https://books.toscrape.com/catalogue/1000-places-to-see-before-you-die_1/index.html
[2025-08-07 02:32:47,928 - network_log - INFO]	RES: 200 https://books.toscrape.com/catalogue/1000-places-to-see-before-you-die_1/index.html
[2025-08-07 02:32:48,040 - network_log - INFO]	REQ: GET https://books.toscrape.com/media/cache/9e/10/9e106f81f65b293e488718a4f54a6a3f.jpg
[2025-08-07 02:32:48,044 - network_log - INFO]	REQ: GET https://books.toscrape.com/static/oscar/js/bootstrap3/bootstrap.min.js
[2025-08-07 02:32:48,055 - network_log - INFO]	REQ: GET https://books.toscrape.com/static/oscar/js/oscar/ui.js
[2025-08-07 02:32:48,066 - network_log - INFO]	REQ: GET https://books.toscrape.com/static/oscar/js/bootstrap-datetimepicker/bootstrap-datetimepicker.js
[2025-08-07 02:32:48,071 - network_log - INFO]	REQ: GET https://books.toscrape.com/static/oscar/js/bootstrap-datetimepicker/locales/bootstrap-datetimepicker.all.js
[2025-08-07 02:32:48,074 - network_log - INFO]	REQ: GET https://books.toscrape.com/static/oscar/js/jquery/jquery-1.9.1.min.js
[2025-08-07 02:32:48,093 - network_log - INFO]	RES: 200 https://books.toscrape.com/static/oscar/js/bootstrap3/bootstrap.min.js
[2025-08-07 02:32:48,112 - network_log - INFO]	RES: 200 https://books.toscrape.com/static/oscar/js/oscar/ui.js
[2025-08-07 02:32:48,120 - network_log - INFO]	RES: 200 https://books.toscrape.com/static/oscar/js/bootstrap-datetimepicker/bootstrap-datetimepicker.js
[2025-08-07 02:32:48,133 - network_log - INFO]	RES: 200 https://books.toscrape.com/static/oscar/js/bootstrap-datetimepicker/locales/bootstrap-datetimepicker.all.js
[2025-08-07 02:32:48,148 - network_log - INFO]	RES: 200 https://books.toscrape.com/static/oscar/js/jquery/jquery-1.9.1.min.js
[2025-08-07 02:32:48,259 - network_log - INFO]	RES: 200 https://books.toscrape.com/media/cache/9e/10/9e106f81f65b293e488718a4f54a6a3f.jpg
[2025-08-07 02:32:48,480 - network_log - DEBUG]	At: travel_link
[2025-08-07 02:32:48,520 - network_log - INFO]	REQ: GET https://books.toscrape.com/catalogue/category/books/travel_2/index.html
[2025-08-07 02:32:48,527 - network_log - INFO]	RES: 200 https://books.toscrape.com/catalogue/category/books/travel_2/index.html
[2025-08-07 02:32:48,601 - network_log - INFO]	REQ: GET https://books.toscrape.com/static/oscar/js/bootstrap3/bootstrap.min.js
[2025-08-07 02:32:48,602 - network_log - INFO]	REQ: GET https://books.toscrape.com/static/oscar/js/oscar/ui.js
[2025-08-07 02:32:48,606 - network_log - INFO]	REQ: GET https://books.toscrape.com/static/oscar/js/bootstrap-datetimepicker/bootstrap-datetimepicker.js
[2025-08-07 02:32:48,616 - network_log - INFO]	REQ: GET https://books.toscrape.com/static/oscar/js/bootstrap-datetimepicker/locales/bootstrap-datetimepicker.all.js
[2025-08-07 02:32:48,634 - network_log - INFO]	REQ: GET https://books.toscrape.com/static/oscar/js/jquery/jquery-1.9.1.min.js
[2025-08-07 02:32:48,640 - network_log - INFO]	RES: 200 https://books.toscrape.com/static/oscar/js/bootstrap3/bootstrap.min.js
[2025-08-07 02:32:48,649 - network_log - INFO]	RES: 200 https://books.toscrape.com/static/oscar/js/oscar/ui.js
[2025-08-07 02:32:48,652 - network_log - INFO]	RES: 200 https://books.toscrape.com/static/oscar/js/bootstrap-datetimepicker/bootstrap-datetimepicker.js
[2025-08-07 02:32:48,655 - network_log - INFO]	RES: 200 https://books.toscrape.com/static/oscar/js/bootstrap-datetimepicker/locales/bootstrap-datetimepicker.all.js
[2025-08-07 02:32:48,658 - network_log - INFO]	RES: 200 https://books.toscrape.com/static/oscar/js/jquery/jquery-1.9.1.min.js
